<?xml version="1.0" encoding="UTF-8"?>
<testng-results skipped="0" failed="0" total="1" passed="1">
  <reporter-output>
  </reporter-output>
  <suite name="Suite" duration-ms="26" started-at="2012-02-09T18:36:12Z" finished-at="2012-02-09T18:36:12Z">
    <groups>
    </groups>
    <test name="Test" duration-ms="26" started-at="2012-02-09T18:36:12Z" finished-at="2012-02-09T18:36:12Z">
      <class name="com.google.refine.com.zemanta.util.DBpediaDataExtensionJobTest1">
        <test-method status="PASS" signature="doSparqlRead()[pri:0, instance:com.google.refine.com.zemanta.util.DBpediaDataExtensionJobTest1@67d95492]" name="doSparqlRead" duration-ms="11" started-at="2012-02-09T18:36:12Z" finished-at="2012-02-09T18:36:12Z">
        </test-method> <!-- doSparqlRead -->
      </class> <!-- com.google.refine.com.zemanta.util.DBpediaDataExtensionJobTest1 -->
    </test> <!-- Test -->
  </suite> <!-- Suite -->
</testng-results>
